Precompiling packages...
Precompiling packages...
Precompiling packages...
    Dagger Being precompiled by another process (pid: 246521, pidfile: /home/felipetome/.julia/compiled/v1.12/Dagger/0a2f8_osDI2.ji.pidfile)
    Dagger Being precompiled by another process (pid: 246521, pidfile: /home/felipetome/.julia/compiled/v1.12/Dagger/0a2f8_osDI2.ji.pidfile)
Precompiling packages...
    Dagger Being precompiled by another process (pid: 246521, pidfile: /home/felipetome/.julia/compiled/v1.12/Dagger/0a2f8_osDI2.ji.pidfile)
Precompiling packages...
Precompiling packages...
Precompiling    Dagger Being precompiled by another process (pid: 246521, pidfile: /home/felipetome/.julia/compiled/v1.12/Dagger/0a2f8_osDI2.ji.pidfile)
 packages...
    Dagger Being precompiled by another process (pid: 246521, pidfile: /home/felipetome/.julia/compiled/v1.12/Dagger/0a2f8_osDI2.ji.pidfile)
    Dagger Being precompiled by another process (pid: 246521, pidfile: /home/felipetome/.julia/compiled/v1.12/Dagger/0a2f8_osDI2.ji.pidfile)
Precompiling packages...
Precompiling packages...
Precompiling    Dagger Being precompiled by another process (pid: 246521, pidfile: /home/felipetome/.julia/compiled/v1.12/Dagger/0a2f8_osDI2.ji.pidfile)
 packages...
    Dagger Being precompiled by another process (pid: 246521, pidfile: /home/felipetome/.julia/compiled/v1.12/Dagger/0a2f8_osDI2.ji.pidfile)
    Dagger Being precompiled by another process (pid: 246521, pidfile: /home/felipetome/.julia/compiled/v1.12/Dagger/0a2f8_osDI2.ji.pidfile)
Info Given Dagger was explicitly requested, output will be shown live [0K
[0K┌ Warning: Fix semantics of collect
[0K└ @ Dagger ~/dagger-dev/mpi/Dagger.jl/src/chunks.jl:30
[0K┌ Warning: Update tochunk docstring
[0K└ @ Dagger ~/dagger-dev/mpi/Dagger.jl/src/tochunk.jl:1
[0K┌ Warning: Dispatch bcast behavior on acceleration
[0K└ @ Dagger ~/dagger-dev/mpi/Dagger.jl/src/datadeps/aliasing.jl:229
[0K┌ Warning: Switch ArgumentWrapper to contain just the argument, and add DependencyWrapper
[0K└ @ Dagger ~/dagger-dev/mpi/Dagger.jl/src/datadeps/aliasing.jl:254
[0K┌ Warning: Fix this to work with MPI (can't call poolget on the wrong rank)
[0K└ @ Dagger ~/dagger-dev/mpi/Dagger.jl/src/datadeps/aliasing.jl:547
[0K┌ Warning: Document these public methods
[0K└ @ Dagger ~/dagger-dev/mpi/Dagger.jl/src/datadeps/aliasing.jl:710
[0K┌ Warning: Don't blindly set occupancy=0, only do for MPI
[0K└ @ Dagger ~/dagger-dev/mpi/Dagger.jl/src/datadeps/queue.jl:124
[0K┌ Warning: Is this uniform logic valuable to have?
[0K└ @ Dagger ~/dagger-dev/mpi/Dagger.jl/src/mpi.jl:825
[0K┌ Warning: Precompile failed to clean up all tasks
[0K└ @ Dagger ~/dagger-dev/mpi/Dagger.jl/src/precompile.jl:21
  28913.0 ms  ✓ Dagger
  28511.1 ms  ✓ Dagger
    DistributionsExt Being precompiled by another process (pid: 246521, pidfile: /home/felipetome/.julia/compiled/v1.12/DistributionsExt/KnLSB_osDI2.ji.pidfile)
  28861.7 ms  ✓ Dagger
    DistributionsExt Being precompiled by another process (pid: 246521, pidfile: /home/felipetome/.julia/compiled/v1.12/DistributionsExt/KnLSB_osDI2.ji.pidfile)
  28781.8 ms  ✓ Dagger
    DistributionsExt Being precompiled by another process (pid: 246521, pidfile: /home/felipetome/.julia/compiled/v1.12/DistributionsExt/KnLSB_osDI2.ji.pidfile)
  28653.0 ms  ✓ Dagger
    DistributionsExt Being precompiled by another process (pid: 246521, pidfile: /home/felipetome/.julia/compiled/v1.12/DistributionsExt/KnLSB_osDI2.ji.pidfile)
  29004.3 ms  ✓ Dagger
    DistributionsExt Being precompiled by another process (pid: 246521, pidfile: /home/felipetome/.julia/compiled/v1.12/DistributionsExt/KnLSB_osDI2.ji.pidfile)
  28834.6 ms  ✓ Dagger
    DistributionsExt Being precompiled by another process (pid: 246521, pidfile: /home/felipetome/.julia/compiled/v1.12/DistributionsExt/KnLSB_osDI2.ji.pidfile)
  29246.5 ms  ✓ Dagger
    DistributionsExt Being precompiled by another process (pid: 246521, pidfile: /home/felipetome/.julia/compiled/v1.12/DistributionsExt/KnLSB_osDI2.ji.pidfile)
  29136.4 ms  ✓ Dagger
    DistributionsExt Being precompiled by another process (pid: 246521, pidfile: /home/felipetome/.julia/compiled/v1.12/DistributionsExt/KnLSB_osDI2.ji.pidfile)
  29157.1 ms  ✓ Dagger
    DistributionsExt Being precompiled by another process (pid: 246521, pidfile: /home/felipetome/.julia/compiled/v1.12/DistributionsExt/KnLSB_osDI2.ji.pidfile)
   2114.3 ms  ✓ Dagger → DistributionsExt
  2 dependencies successfully precompiled in 31 seconds. 113 already precompiled.
  1 dependency had output during precompilation:
┌ Dagger
│  [Output was shown above]
└  
   1969.6 ms  ✓ Dagger → DistributionsExt
  2 dependencies successfully precompiled in 31 seconds. 113 already precompiled.
   2155.1 ms  ✓ Dagger → DistributionsExt
  2 dependencies successfully precompiled in 31 seconds. 113 already precompiled.
   2008.6 ms  ✓ Dagger → DistributionsExt
  2 dependencies successfully precompiled in 31 seconds. 113 already precompiled.
   1784.2 ms  ✓ Dagger → DistributionsExt
  2 dependencies successfully precompiled in 31 seconds. 113 already precompiled.
   2051.3 ms  ✓ Dagger → DistributionsExt
  2 dependencies successfully precompiled in 31 seconds. 113 already precompiled.
   1858.0 ms  ✓ Dagger → DistributionsExt
  2 dependencies successfully precompiled in 31 seconds. 113 already precompiled.
   2131.2 ms  ✓ Dagger → DistributionsExt
  2 dependencies successfully precompiled in 31 seconds. 113 already precompiled.
   2485.6 ms  ✓ Dagger → DistributionsExt
  2 dependencies successfully precompiled in 32 seconds. 113 already precompiled.
   2240.8 ms  ✓ Dagger → DistributionsExt
  2 dependencies successfully precompiled in 32 seconds. 113 already precompiled.
Benchmark: 10 ranks, N=2000, block size 500×500 (matmul)
┌ Warning: [rank 4][tag 49] Hit probable hang on recv (dest: 0)
└ @ Dagger ~/dagger-dev/mpi/Dagger.jl/src/mpi.jl:626
Matmul time: 30.3111 s
ERROR: LoadError: ERROR: LoadError: ERROR: ERROR: LoadError: LoadError: ERROR: ERROR: LoadError: LoadError: ERROR: LoadError: ERROR: LoadError: ERROR: LoadError: ERROR: LoadError: AssertionError: Invalid MPIRefID: tid=0, uid=0, id=0
Stacktrace:
  [1] Dagger.MPIRefID(tid::Int64, uid::Int64, id::Int64)
    @ Dagger ~/dagger-dev/mpi/Dagger.jl/src/mpi.jl:291
  [2] take_ref_id!()
    @ Dagger ~/dagger-dev/mpi/Dagger.jl/src/mpi.jl:353
  [3] tochunk_pset(x::SubArray{Float64, 2, Matrix{Float64}, Tuple{UnitRange{Int64}, UnitRange{Int64}}, false}, space::Dagger.MPIMemorySpace{Dagger.CPURAMMemorySpace}; device::MemPool.CPURAMDevice, kwargs::@Kwargs{type::DataType})
    @ Dagger ~/dagger-dev/mpi/Dagger.jl/src/mpi.jl:360
  [4] tochunk(x::SubArray{Float64, 2, Matrix{Float64}, Tuple{UnitRange{Int64}, UnitRange{Int64}}, false}, proc::OSProc, scope::AnyScope; device::Nothing, type::Type, rewrap::Bool, kwargs::@Kwargs{})
    @ Dagger ~/dagger-dev/mpi/Dagger.jl/src/tochunk.jl:69
  [5] tochunk
    @ ~/dagger-dev/mpi/Dagger.jl/src/tochunk.jl:52 [inlined]
  [6] tochunk
    @ ~/dagger-dev/mpi/Dagger.jl/src/utils/chunks.jl:155 [inlined]
  [7] #691
    @ ./none:-1 [inlined]
  [8] iterate
    @ ./generator.jl:48 [inlined]
  [9] collect(itr::Base.Generator{Dagger.DomainBlocks{2}, Dagger.var"#691#692"{Matrix{Float64}}})
    @ Base ./array.jl:790
 [10] view(A::Matrix{Float64}, p::Blocks{2})
    @ Dagger ~/dagger-dev/mpi/Dagger.jl/src/array/alloc.jl:221
 [11] #collect_datadeps#548
    @ ~/dagger-dev/mpi/Dagger.jl/src/array/darray.jl:213 [inlined]
 [12] macro expansion
    @ ~/dagger-dev/mpi/Dagger.jl/benchmarks/run_matmul.jl:46 [inlined]
 [13] macro expansion
    @ ./timing.jl:461 [inlined]
 [14] top-level scope
    @ ~/dagger-dev/mpi/Dagger.jl/benchmarks/run_matmul.jl:45
 [15] include(mod::Module, _path::String)
    @ Base ./Base.jl:306
 [16] exec_options(opts::Base.JLOptions)
    @ Base ./client.jl:317
 [17] _start()
    @ Base ./client.jl:550
in expression starting at /home/felipetome/dagger-dev/mpi/Dagger.jl/benchmarks/run_matmul.jl:44
AssertionError: Invalid MPIRefID: tid=0, uid=0, id=0
Stacktrace:
  [1] AssertionError: Invalid MPIRefID: tid=0, uid=0, id=0AssertionError: Invalid MPIRefID: tid=0, uid=0, id=0
Stacktrace:
  [1] AssertionError: Invalid MPIRefID: tid=0, uid=0, id=0
Stacktrace:
  [1] 
Stacktrace:
  [1] AssertionError: Invalid MPIRefID: tid=0, uid=0, id=0
Stacktrace:
  [1] Dagger.MPIRefID(tid::Int64, uid::Int64, id::Int64)
    @ Dagger ~/dagger-dev/mpi/Dagger.jl/src/mpi.jl:291
  [2] take_ref_id!()
    @ Dagger ~/dagger-dev/mpi/Dagger.jl/src/mpi.jl:353
  [3] tochunk_pset(x::SubArray{Float64, 2, Matrix{Float64}, Tuple{UnitRange{Int64}, UnitRange{Int64}}, false}, space::Dagger.MPIMemorySpace{Dagger.CPURAMMemorySpace}; device::MemPool.CPURAMDevice, kwargs::@Kwargs{type::DataType})
    @ Dagger ~/dagger-dev/mpi/Dagger.jl/src/mpi.jl:360
  [4] tochunk(x::SubArray{Float64, 2, Matrix{Float64}, Tuple{UnitRange{Int64}, UnitRange{Int64}}, false}, proc::OSProc, scope::AnyScope; device::Nothing, type::Type, rewrap::Bool, kwargs::@Kwargs{})
    @ Dagger ~/dagger-dev/mpi/Dagger.jl/src/tochunk.jl:69
  [5] tochunk
    @ ~/dagger-dev/mpi/Dagger.jl/src/tochunk.jl:52 [inlined]
  [6] tochunk
    @ ~/dagger-dev/mpi/Dagger.jl/src/utils/chunks.jl:155 [inlined]
  [7] #691
    @ ./none:-1 [inlined]
  [8] iterate
    @ ./generator.jl:48 [inlined]
  [9] collect(itr::Base.Generator{Dagger.DomainBlocks{2}, Dagger.var"#691#692"{Matrix{Float64}}})
    @ Base ./array.jl:790
 [10] view(A::Matrix{Float64}, p::Blocks{2})
    @ Dagger ~/dagger-dev/mpi/Dagger.jl/src/array/alloc.jl:221
 [11] #collect_datadeps#548
    @ ~/dagger-dev/mpi/Dagger.jl/src/array/darray.jl:213 [inlined]
 [12] macro expansion
    @ ~/dagger-dev/mpi/Dagger.jl/benchmarks/run_matmul.jl:46 [inlined]
 [13] macro expansion
    @ ./timing.jl:461 [inlined]
 [14] top-level scope
    @ ~/dagger-dev/mpi/Dagger.jl/benchmarks/run_matmul.jl:45
 [15] include(mod::Module, _path::String)
    @ Base ./Base.jl:306
 [16] exec_options(opts::Base.JLOptions)
    @ Base ./client.jl:317
 [17] _start()
    @ Base ./client.jl:550
in expression starting at /home/felipetome/dagger-dev/mpi/Dagger.jl/benchmarks/run_matmul.jl:44
Dagger.MPIRefID(tid::Int64, uid::Int64, id::Int64)
    @ Dagger ~/dagger-dev/mpi/Dagger.jl/src/mpi.jl:291
  [2] take_ref_id!()
    @ Dagger ~/dagger-dev/mpi/Dagger.jl/src/mpi.jl:353
  [3] Dagger.MPIRefID(tid::Int64, uid::Int64, id::Int64)
    @ Dagger ~/dagger-dev/mpi/Dagger.jl/src/mpi.jl:291
Dagger.MPIRefID(tid::Int64, uid::Int64, id::Int64)  [2] 
    @ Daggertake_ref_id!()
    @ Dagger ~/dagger-dev/mpi/Dagger.jl/src/mpi.jl:353
  [3]  ~/dagger-dev/mpi/Dagger.jl/src/mpi.jl:291
  [2] take_ref_id!()
    @ Dagger ~/dagger-dev/mpi/Dagger.jl/src/mpi.jl:353
  [3] tochunk_pset(x::SubArray{Float64, 2, Matrix{Float64}, Tuple{UnitRange{Int64}, UnitRange{Int64}}, false}, space::Dagger.MPIMemorySpace{Dagger.CPURAMMemorySpace}; device::MemPool.CPURAMDevice, kwargs::@Kwargs{type::DataType})
    @ Dagger ~/dagger-dev/mpi/Dagger.jl/src/mpi.jl:360
  [4] tochunk(x::SubArray{Float64, 2, Matrix{Float64}, Tuple{UnitRange{Int64}, UnitRange{Int64}}, false}, proc::OSProc, scope::AnyScope; device::Nothing, type::Type, rewrap::Bool, kwargs::@Kwargs{})
    @ Dagger ~/dagger-dev/mpi/Dagger.jl/src/tochunk.jl:69
  [5] tochunk
    @ ~/dagger-dev/mpi/Dagger.jl/src/tochunk.jl:52 [inlined]
  [6] tochunk
    @ ~/dagger-dev/mpi/Dagger.jl/src/utils/chunks.jl:155 [inlined]
  [7] #691
    @ ./none:-1 [inlined]
  [8] iterate
    @ ./generator.jl:48 [inlined]
  [9] collect(itr::Base.Generator{Dagger.DomainBlocks{2}, Dagger.var"#691#692"{Matrix{Float64}}})
    @ Base ./array.jl:790
 [10] view(A::Matrix{Float64}, p::Blocks{2})
    @ Dagger ~/dagger-dev/mpi/Dagger.jl/src/array/alloc.jl:221
 [11] #collect_datadeps#548
    @ ~/dagger-dev/mpi/Dagger.jl/src/array/darray.jl:213 [inlined]
 [12] macro expansion
    @ ~/dagger-dev/mpi/Dagger.jl/benchmarks/run_matmul.jl:46 [inlined]
 [13] macro expansion
    @ ./timing.jl:461 [inlined]
 [14] top-level scope
    @ ~/dagger-dev/mpi/Dagger.jl/benchmarks/run_matmul.jl:45
 [15] include(mod::Module, _path::String)
    @ Base ./Base.jl:306
 [16] exec_options(opts::Base.JLOptions)
    @ Base ./client.jl:317
 [17] _start()
    @ Base ./client.jl:550
in expression starting at /home/felipetome/dagger-dev/mpi/Dagger.jl/benchmarks/run_matmul.jl:44
tochunk_pset(x::SubArray{Float64, 2, Matrix{Float64}, Tuple{UnitRange{Int64}, UnitRange{Int64}}, false}, space::Dagger.MPIMemorySpace{Dagger.CPURAMMemorySpace}; device::MemPool.CPURAMDevice, kwargs::@Kwargs{type::DataType})
    @tochunk_pset(x::SubArray{Float64, 2, Matrix{Float64}, Tuple{UnitRange{Int64}, UnitRange{Int64}}, false}, space::Dagger.MPIMemorySpace{Dagger.CPURAMMemorySpace}; device::MemPool.CPURAMDevice, kwargs::@Kwargs{type::DataType})
    @ Dagger Dagger ~/dagger-dev/mpi/Dagger.jl/src/mpi.jl:360
 ~/dagger-dev/mpi/Dagger.jl/src/mpi.jl:360
  [4]   [4] tochunk(x::SubArray{Float64, 2, Matrix{Float64}, Tuple{UnitRange{Int64}, UnitRange{Int64}}, false}, proc::OSProc, scope::AnyScope; device::Nothing, type::Type, rewrap::Bool, kwargs::@Kwargs{})
    @ Dagger ~/dagger-dev/mpi/Dagger.jl/src/tochunk.jl:69
  [5] tochunk
    @ ~/dagger-dev/mpi/Dagger.jl/src/tochunk.jl:52 [inlined]
  [6] tochunk
    @ ~/dagger-dev/mpi/Dagger.jl/src/utils/chunks.jl:155 [inlined]
  [7] #691
    @ ./none:-1 [inlined]
  [8] iterate
    @ ./generator.jl:48 [inlined]
  [9] tochunk(x::SubArray{Float64, 2, Matrix{Float64}, Tuple{UnitRange{Int64}, UnitRange{Int64}}, false}, proc::OSProc, scope::AnyScope; device::Nothing, type::Type, rewrap::Bool, kwargs::@Kwargs{})
    @ Dagger ~/dagger-dev/mpi/Dagger.jl/src/tochunk.jl:69
  [5] tochunk
    @ ~/dagger-dev/mpi/Dagger.jl/src/tochunk.jl:52 [inlined]
  [6] tochunk
    @ ~/dagger-dev/mpi/Dagger.jl/src/utils/chunks.jl:155 [inlined]
  [7] #691
    @ ./none:-1 [inlined]
  [8] iterate
    @ ./generator.jl:48 [inlined]
  [9] collect(itr::Base.Generator{Dagger.DomainBlocks{2}, Dagger.var"#691#692"{Matrix{Float64}}})
    @ Base ./array.jl:790
 [10] view(A::Matrix{Float64}, p::Blocks{2})
    @ Daggercollect(itr::Base.Generator{Dagger.DomainBlocks{2}, Dagger.var"#691#692"{Matrix{Float64}}}) ~/dagger-dev/mpi/Dagger.jl/src/array/
alloc.jl:221
    @ Base [11] #collect_datadeps#548
    @ ./array.jl:790
 ~/dagger-dev/mpi/Dagger.jl/src/array/ [10] darray.jl:213 [inlined]
 [12] macro expansion
    @ ~/dagger-dev/mpi/Dagger.jl/benchmarks/run_matmul.jl:46 [inlined]
 [13] macro expansion
    @ ./timing.jl:461 [inlined]
 [14] top-level scope
    @ ~/dagger-dev/mpi/Dagger.jl/benchmarks/run_matmul.jl:45
 [15] include(mod::Module, _path::String)
    @ Base ./Base.jl:306
 [16] exec_options(opts::Base.JLOptions)
    @ Base ./client.jl:317
 [17] _start()
    @ Base ./client.jl:550
in expression starting at /home/felipetome/dagger-dev/mpi/Dagger.jl/benchmarks/run_matmul.jl:44
view(A::Matrix{Float64}, p::Blocks{2})
    @ Dagger ~/dagger-dev/mpi/Dagger.jl/src/array/alloc.jl:221
 [11] #collect_datadeps#548
    @ ~/dagger-dev/mpi/Dagger.jl/src/array/darray.jl:213 [inlined]
 [12] macro expansion
    @ ~/dagger-dev/mpi/Dagger.jl/benchmarks/run_matmul.jl:46 [inlined]
 [13] macro expansion
    @ ./timing.jl:461 [inlined]
 [14] top-level scope
    @ ~/dagger-dev/mpi/Dagger.jl/benchmarks/run_matmul.jl:45
 [15] include(mod::Module, _path::String)
    @ Base ./Base.jl:306
 [16] exec_options(opts::Base.JLOptions)
    @ Base ./client.jl:317
 [17] _start()
    @ Base ./client.jl:550
in expression starting at /home/felipetome/dagger-dev/mpi/Dagger.jl/benchmarks/run_matmul.jl:44
Dagger.MPIRefID(tid::Int64, uid::Int64, id::Int64)
    @ Dagger ~/dagger-dev/mpi/Dagger.jl/src/mpi.jl:291
  [2] take_ref_id!()
    @ Dagger ~/dagger-dev/mpi/Dagger.jl/src/mpi.jl:353
  [3] 
===================================================================================
=   BAD TERMINATION OF ONE OF YOUR APPLICATION PROCESSES
=   PID 246518 RUNNING AT fedora
=   EXIT CODE: 9
=   CLEANING UP REMAINING PROCESSES
=   YOU CAN IGNORE THE BELOW CLEANUP MESSAGES
===================================================================================
YOUR APPLICATION TERMINATED WITH THE EXIT STRING: Killed (signal 9)
This typically refers to a problem with your application.
Please see the FAQ page for debugging suggestions
